<?xml version="1.0" encoding="UTF-8"?><testsuite errors="1" failures="0" name="automation.jlweb.features.search.LoginWithValidCredentials" skipped="0" tests="1" time="1.41" timestamp="2020-09-21 10:41:39"><testcase classname="automation.jlweb.features.search.LoginWithValidCredentials" name="Login with valid credentials should show home page"><error message="Could not instantiate class org.openqa.selenium.edge.EdgeDriver" type="net.thucydides.core.webdriver.DriverConfigurationError">Could not instantiate class org.openqa.selenium.edge.EdgeDriver</error><system-err>Could not instantiate class org.openqa.selenium.edge.EdgeDriver
automation.jlweb.tasks.OpenTheApplication.performAs(OpenTheApplication.java:31)
automation.jlweb.features.search.LoginWithValidCredentials.login_with_valid_credentials_should_show_home_page(LoginWithValidCredentials.java:37)
</system-err></testcase></testsuite>